{"C:\\Users\\fayaz\\OneDrive\\Desktop\\engitrix\\Gym-Web\\server\\models\\AboutGym.js": {"path":"C:\\Users\\fayaz\\OneDrive\\Desktop\\engitrix\\Gym-Web\\server\\models\\AboutGym.js","statementMap":{"0":{"start":{"line":1,"column":17},"end":{"line":1,"column":36}},"1":{"start":{"line":4,"column":2},"end":{"line":39,"column":3}},"2":{"start":{"line":41,"column":0},"end":{"line":44,"column":2}}},"fnMap":{},"branchMap":{},"s":{"0":12,"1":12,"2":12},"f":{},"b":{},"_coverageSchema":"1a1c01bbd47fc00a2c39e90264f33305004495a9","hash":"d8018a67922d2f3607c87a00d4afed5ad87767e0"}
,"C:\\Users\\fayaz\\OneDrive\\Desktop\\engitrix\\Gym-Web\\server\\models\\Announcement.js": {"path":"C:\\Users\\fayaz\\OneDrive\\Desktop\\engitrix\\Gym-Web\\server\\models\\Announcement.js","statementMap":{"0":{"start":{"line":1,"column":17},"end":{"line":1,"column":36}},"1":{"start":{"line":4,"column":2},"end":{"line":24,"column":3}},"2":{"start":{"line":26,"column":0},"end":{"line":29,"column":2}}},"fnMap":{},"branchMap":{},"s":{"0":12,"1":12,"2":12},"f":{},"b":{},"_coverageSchema":"1a1c01bbd47fc00a2c39e90264f33305004495a9","hash":"bf3e96cce51fced27b3eb227f43d4b63cb58c8af"}
,"C:\\Users\\fayaz\\OneDrive\\Desktop\\engitrix\\Gym-Web\\server\\models\\Attendance.js": {"path":"C:\\Users\\fayaz\\OneDrive\\Desktop\\engitrix\\Gym-Web\\server\\models\\Attendance.js","statementMap":{"0":{"start":{"line":1,"column":17},"end":{"line":1,"column":36}},"1":{"start":{"line":4,"column":2},"end":{"line":59,"column":3}},"2":{"start":{"line":61,"column":0},"end":{"line":64,"column":2}}},"fnMap":{},"branchMap":{},"s":{"0":12,"1":12,"2":12},"f":{},"b":{},"_coverageSchema":"1a1c01bbd47fc00a2c39e90264f33305004495a9","hash":"2c8553a2b94e36d46f0941394fff91bf479e2b2f"}
,"C:\\Users\\fayaz\\OneDrive\\Desktop\\engitrix\\Gym-Web\\server\\models\\Contact.js": {"path":"C:\\Users\\fayaz\\OneDrive\\Desktop\\engitrix\\Gym-Web\\server\\models\\Contact.js","statementMap":{"0":{"start":{"line":1,"column":17},"end":{"line":1,"column":36}},"1":{"start":{"line":4,"column":2},"end":{"line":29,"column":3}},"2":{"start":{"line":31,"column":0},"end":{"line":34,"column":2}}},"fnMap":{},"branchMap":{},"s":{"0":12,"1":12,"2":12},"f":{},"b":{},"_coverageSchema":"1a1c01bbd47fc00a2c39e90264f33305004495a9","hash":"96195cb755125601bf18e10be434cf29cfd7e4e6"}
,"C:\\Users\\fayaz\\OneDrive\\Desktop\\engitrix\\Gym-Web\\server\\models\\Diet.js": {"path":"C:\\Users\\fayaz\\OneDrive\\Desktop\\engitrix\\Gym-Web\\server\\models\\Diet.js","statementMap":{"0":{"start":{"line":1,"column":17},"end":{"line":1,"column":36}},"1":{"start":{"line":4,"column":2},"end":{"line":24,"column":3}},"2":{"start":{"line":26,"column":0},"end":{"line":29,"column":2}}},"fnMap":{},"branchMap":{},"s":{"0":12,"1":12,"2":12},"f":{},"b":{},"_coverageSchema":"1a1c01bbd47fc00a2c39e90264f33305004495a9","hash":"7d74d5959f4b14064457d10e8c1761bc134f80e0"}
,"C:\\Users\\fayaz\\OneDrive\\Desktop\\engitrix\\Gym-Web\\server\\models\\Gallery.js": {"path":"C:\\Users\\fayaz\\OneDrive\\Desktop\\engitrix\\Gym-Web\\server\\models\\Gallery.js","statementMap":{"0":{"start":{"line":1,"column":17},"end":{"line":1,"column":36}},"1":{"start":{"line":4,"column":2},"end":{"line":19,"column":3}},"2":{"start":{"line":21,"column":0},"end":{"line":24,"column":2}}},"fnMap":{},"branchMap":{},"s":{"0":12,"1":12,"2":12},"f":{},"b":{},"_coverageSchema":"1a1c01bbd47fc00a2c39e90264f33305004495a9","hash":"2862d9133c50ea36e2bbe554b0d2feac83b1bb4b"}
,"C:\\Users\\fayaz\\OneDrive\\Desktop\\engitrix\\Gym-Web\\server\\models\\Membership.js": {"path":"C:\\Users\\fayaz\\OneDrive\\Desktop\\engitrix\\Gym-Web\\server\\models\\Membership.js","statementMap":{"0":{"start":{"line":1,"column":17},"end":{"line":1,"column":36}},"1":{"start":{"line":4,"column":2},"end":{"line":63,"column":4}},"2":{"start":{"line":65,"column":0},"end":{"line":69,"column":4}}},"fnMap":{},"branchMap":{},"s":{"0":12,"1":12,"2":12},"f":{},"b":{},"_coverageSchema":"1a1c01bbd47fc00a2c39e90264f33305004495a9","hash":"52aa217712e8f9bd9d3beddbcbf3cb179ca4bdf6"}
,"C:\\Users\\fayaz\\OneDrive\\Desktop\\engitrix\\Gym-Web\\server\\models\\MembershipPlan.js": {"path":"C:\\Users\\fayaz\\OneDrive\\Desktop\\engitrix\\Gym-Web\\server\\models\\MembershipPlan.js","statementMap":{"0":{"start":{"line":1,"column":17},"end":{"line":1,"column":36}},"1":{"start":{"line":4,"column":2},"end":{"line":35,"column":3}},"2":{"start":{"line":37,"column":0},"end":{"line":40,"column":2}}},"fnMap":{},"branchMap":{},"s":{"0":12,"1":12,"2":12},"f":{},"b":{},"_coverageSchema":"1a1c01bbd47fc00a2c39e90264f33305004495a9","hash":"d30ffcc7d354f5ead3236808bd48a049d15d41a8"}
,"C:\\Users\\fayaz\\OneDrive\\Desktop\\engitrix\\Gym-Web\\server\\models\\Testimonial.js": {"path":"C:\\Users\\fayaz\\OneDrive\\Desktop\\engitrix\\Gym-Web\\server\\models\\Testimonial.js","statementMap":{"0":{"start":{"line":1,"column":17},"end":{"line":1,"column":36}},"1":{"start":{"line":4,"column":2},"end":{"line":34,"column":3}},"2":{"start":{"line":36,"column":0},"end":{"line":39,"column":2}}},"fnMap":{},"branchMap":{},"s":{"0":12,"1":12,"2":12},"f":{},"b":{},"_coverageSchema":"1a1c01bbd47fc00a2c39e90264f33305004495a9","hash":"37bfef00e087d43757c01109ec3d1903c80de143"}
,"C:\\Users\\fayaz\\OneDrive\\Desktop\\engitrix\\Gym-Web\\server\\models\\TrainerBooking.js": {"path":"C:\\Users\\fayaz\\OneDrive\\Desktop\\engitrix\\Gym-Web\\server\\models\\TrainerBooking.js","statementMap":{"0":{"start":{"line":1,"column":17},"end":{"line":1,"column":36}},"1":{"start":{"line":4,"column":2},"end":{"line":39,"column":3}},"2":{"start":{"line":41,"column":0},"end":{"line":44,"column":2}}},"fnMap":{},"branchMap":{},"s":{"0":12,"1":12,"2":12},"f":{},"b":{},"_coverageSchema":"1a1c01bbd47fc00a2c39e90264f33305004495a9","hash":"e052f4a41b7bc39fa34e09747a7ef2c46cb4600e"}
,"C:\\Users\\fayaz\\OneDrive\\Desktop\\engitrix\\Gym-Web\\server\\models\\User.js": {"path":"C:\\Users\\fayaz\\OneDrive\\Desktop\\engitrix\\Gym-Web\\server\\models\\User.js","statementMap":{"0":{"start":{"line":1,"column":17},"end":{"line":1,"column":36}},"1":{"start":{"line":3,"column":19},"end":{"line":40,"column":1}},"2":{"start":{"line":42,"column":0},"end":{"line":45,"column":2}}},"fnMap":{},"branchMap":{},"s":{"0":12,"1":12,"2":12},"f":{},"b":{},"_coverageSchema":"1a1c01bbd47fc00a2c39e90264f33305004495a9","hash":"e54aa9751c564ab5cc5e66bc1a2a57728daf799d"}
,"C:\\Users\\fayaz\\OneDrive\\Desktop\\engitrix\\Gym-Web\\server\\models\\Workout.js": {"path":"C:\\Users\\fayaz\\OneDrive\\Desktop\\engitrix\\Gym-Web\\server\\models\\Workout.js","statementMap":{"0":{"start":{"line":1,"column":17},"end":{"line":1,"column":36}},"1":{"start":{"line":4,"column":2},"end":{"line":29,"column":3}},"2":{"start":{"line":31,"column":0},"end":{"line":34,"column":2}}},"fnMap":{},"branchMap":{},"s":{"0":12,"1":12,"2":12},"f":{},"b":{},"_coverageSchema":"1a1c01bbd47fc00a2c39e90264f33305004495a9","hash":"0ba5bd5cecf36043a44f69c677e2d83cd8d434f2"}
,"C:\\Users\\fayaz\\OneDrive\\Desktop\\engitrix\\Gym-Web\\server\\routes\\aboutGymRoutes.js": {"path":"C:\\Users\\fayaz\\OneDrive\\Desktop\\engitrix\\Gym-Web\\server\\routes\\aboutGymRoutes.js","statementMap":{"0":{"start":{"line":1,"column":16},"end":{"line":1,"column":34}},"1":{"start":{"line":4,"column":0},"end":{"line":4,"column":29}},"2":{"start":{"line":7,"column":2},"end":{"line":7,"column":18}},"3":{"start":{"line":12,"column":0},"end":{"line":33,"column":3}},"4":{"start":{"line":14,"column":2},"end":{"line":31,"column":3}},"5":{"start":{"line":17,"column":6},"end":{"line":19,"column":7}},"6":{"start":{"line":21,"column":4},"end":{"line":23,"column":6}},"7":{"start":{"line":27,"column":4},"end":{"line":29,"column":7}},"8":{"start":{"line":38,"column":0},"end":{"line":56,"column":3}},"9":{"start":{"line":40,"column":2},"end":{"line":54,"column":3}},"10":{"start":{"line":42,"column":17},"end":{"line":42,"column":48}},"11":{"start":{"line":44,"column":4},"end":{"line":46,"column":6}},"12":{"start":{"line":50,"column":4},"end":{"line":52,"column":7}},"13":{"start":{"line":61,"column":0},"end":{"line":80,"column":3}},"14":{"start":{"line":62,"column":2},"end":{"line":79,"column":3}},"15":{"start":{"line":63,"column":18},"end":{"line":71,"column":13}},"16":{"start":{"line":73,"column":4},"end":{"line":73,"column":32}},"17":{"start":{"line":76,"column":4},"end":{"line":78,"column":7}},"18":{"start":{"line":84,"column":0},"end":{"line":99,"column":3}},"19":{"start":{"line":85,"column":2},"end":{"line":98,"column":3}},"20":{"start":{"line":86,"column":4},"end":{"line":88,"column":14}},"21":{"start":{"line":90,"column":4},"end":{"line":92,"column":7}},"22":{"start":{"line":95,"column":4},"end":{"line":97,"column":7}},"23":{"start":{"line":101,"column":0},"end":{"line":101,"column":24}}},"fnMap":{"0":{"name":"(anonymous_0)","decl":{"start":{"line":12,"column":17},"end":{"line":12,"column":18}},"loc":{"start":{"line":12,"column":37},"end":{"line":33,"column":1}},"line":12},"1":{"name":"(anonymous_1)","decl":{"start":{"line":38,"column":16},"end":{"line":38,"column":17}},"loc":{"start":{"line":38,"column":36},"end":{"line":56,"column":1}},"line":38},"2":{"name":"(anonymous_2)","decl":{"start":{"line":61,"column":19},"end":{"line":61,"column":20}},"loc":{"start":{"line":61,"column":39},"end":{"line":80,"column":1}},"line":61},"3":{"name":"(anonymous_3)","decl":{"start":{"line":84,"column":22},"end":{"line":84,"column":23}},"loc":{"start":{"line":84,"column":42},"end":{"line":99,"column":1}},"line":84}},"branchMap":{},"s":{"0":12,"1":12,"2":12,"3":12,"4":1,"5":1,"6":1,"7":0,"8":12,"9":1,"10":1,"11":1,"12":0,"13":12,"14":1,"15":1,"16":0,"17":1,"18":12,"19":1,"20":1,"21":0,"22":1,"23":12},"f":{"0":1,"1":1,"2":1,"3":1},"b":{},"_coverageSchema":"1a1c01bbd47fc00a2c39e90264f33305004495a9","hash":"ea3bb869f82bb3daa7029e29978bf76f73fb4197"}
,"C:\\Users\\fayaz\\OneDrive\\Desktop\\engitrix\\Gym-Web\\server\\routes\\announcementRoutes.js": {"path":"C:\\Users\\fayaz\\OneDrive\\Desktop\\engitrix\\Gym-Web\\server\\routes\\announcementRoutes.js","statementMap":{"0":{"start":{"line":1,"column":16},"end":{"line":1,"column":34}},"1":{"start":{"line":4,"column":0},"end":{"line":4,"column":33}},"2":{"start":{"line":6,"column":15},"end":{"line":6,"column":31}},"3":{"start":{"line":10,"column":0},"end":{"line":36,"column":3}},"4":{"start":{"line":12,"column":2},"end":{"line":34,"column":3}},"5":{"start":{"line":15,"column":6},"end":{"line":17,"column":7}},"6":{"start":{"line":19,"column":4},"end":{"line":26,"column":7}},"7":{"start":{"line":30,"column":4},"end":{"line":32,"column":7}},"8":{"start":{"line":40,"column":0},"end":{"line":54,"column":3}},"9":{"start":{"line":41,"column":2},"end":{"line":53,"column":3}},"10":{"start":{"line":42,"column":26},"end":{"line":45,"column":13}},"11":{"start":{"line":47,"column":4},"end":{"line":47,"column":40}},"12":{"start":{"line":50,"column":4},"end":{"line":52,"column":7}},"13":{"start":{"line":58,"column":0},"end":{"line":73,"column":3}},"14":{"start":{"line":59,"column":2},"end":{"line":72,"column":3}},"15":{"start":{"line":60,"column":4},"end":{"line":62,"column":14}},"16":{"start":{"line":64,"column":4},"end":{"line":66,"column":7}},"17":{"start":{"line":69,"column":4},"end":{"line":71,"column":7}},"18":{"start":{"line":75,"column":0},"end":{"line":75,"column":24}}},"fnMap":{"0":{"name":"(anonymous_0)","decl":{"start":{"line":10,"column":17},"end":{"line":10,"column":18}},"loc":{"start":{"line":10,"column":37},"end":{"line":36,"column":1}},"line":10},"1":{"name":"(anonymous_1)","decl":{"start":{"line":40,"column":16},"end":{"line":40,"column":17}},"loc":{"start":{"line":40,"column":36},"end":{"line":54,"column":1}},"line":40},"2":{"name":"(anonymous_2)","decl":{"start":{"line":58,"column":22},"end":{"line":58,"column":23}},"loc":{"start":{"line":58,"column":42},"end":{"line":73,"column":1}},"line":58}},"branchMap":{},"s":{"0":12,"1":12,"2":12,"3":12,"4":1,"5":1,"6":1,"7":0,"8":12,"9":1,"10":1,"11":1,"12":0,"13":12,"14":1,"15":1,"16":0,"17":1,"18":12},"f":{"0":1,"1":1,"2":1},"b":{},"_coverageSchema":"1a1c01bbd47fc00a2c39e90264f33305004495a9","hash":"222c77f64047b433931e6969ba9776737d04dde5"}
,"C:\\Users\\fayaz\\OneDrive\\Desktop\\engitrix\\Gym-Web\\server\\routes\\attendanceRoutes.js": {"path":"C:\\Users\\fayaz\\OneDrive\\Desktop\\engitrix\\Gym-Web\\server\\routes\\attendanceRoutes.js","statementMap":{"0":{"start":{"line":1,"column":16},"end":{"line":1,"column":34}},"1":{"start":{"line":3,"column":19},"end":{"line":3,"column":50}},"2":{"start":{"line":4,"column":13},"end":{"line":4,"column":38}},"3":{"start":{"line":6,"column":15},"end":{"line":6,"column":31}},"4":{"start":{"line":9,"column":0},"end":{"line":41,"column":3}},"5":{"start":{"line":10,"column":2},"end":{"line":40,"column":3}},"6":{"start":{"line":11,"column":22},"end":{"line":11,"column":30}},"7":{"start":{"line":13,"column":17},"end":{"line":13,"column":53}},"8":{"start":{"line":15,"column":4},"end":{"line":19,"column":5}},"9":{"start":{"line":16,"column":6},"end":{"line":18,"column":9}},"10":{"start":{"line":21,"column":23},"end":{"line":25,"column":6}},"11":{"start":{"line":27,"column":4},"end":{"line":30,"column":7}},"12":{"start":{"line":34,"column":4},"end":{"line":34,"column":30}},"13":{"start":{"line":35,"column":4},"end":{"line":35,"column":23}},"14":{"start":{"line":37,"column":4},"end":{"line":39,"column":7}},"15":{"start":{"line":44,"column":0},"end":{"line":65,"column":3}},"16":{"start":{"line":45,"column":0},"end":{"line":64,"column":1}},"17":{"start":{"line":46,"column":19},"end":{"line":48,"column":7}},"18":{"start":{"line":51,"column":0},"end":{"line":51,"column":33}},"19":{"start":{"line":56,"column":3},"end":{"line":56,"column":33}},"20":{"start":{"line":57,"column":2},"end":{"line":57,"column":21}},"21":{"start":{"line":58,"column":2},"end":{"line":58,"column":27}},"22":{"start":{"line":59,"column":2},"end":{"line":59,"column":32}},"23":{"start":{"line":61,"column":0},"end":{"line":63,"column":3}},"24":{"start":{"line":68,"column":0},"end":{"line":88,"column":3}},"25":{"start":{"line":69,"column":2},"end":{"line":87,"column":3}},"26":{"start":{"line":71,"column":23},"end":{"line":75,"column":13}},"27":{"start":{"line":77,"column":4},"end":{"line":77,"column":37}},"28":{"start":{"line":81,"column":4},"end":{"line":81,"column":34}},"29":{"start":{"line":82,"column":4},"end":{"line":82,"column":23}},"30":{"start":{"line":84,"column":4},"end":{"line":86,"column":7}},"31":{"start":{"line":90,"column":0},"end":{"line":110,"column":3}},"32":{"start":{"line":91,"column":2},"end":{"line":109,"column":3}},"33":{"start":{"line":93,"column":4},"end":{"line":95,"column":13}},"34":{"start":{"line":97,"column":4},"end":{"line":99,"column":7}},"35":{"start":{"line":103,"column":4},"end":{"line":103,"column":32}},"36":{"start":{"line":104,"column":4},"end":{"line":104,"column":23}},"37":{"start":{"line":106,"column":4},"end":{"line":108,"column":7}},"38":{"start":{"line":111,"column":0},"end":{"line":111,"column":24}}},"fnMap":{"0":{"name":"(anonymous_0)","decl":{"start":{"line":9,"column":17},"end":{"line":9,"column":18}},"loc":{"start":{"line":9,"column":37},"end":{"line":41,"column":1}},"line":9},"1":{"name":"(anonymous_1)","decl":{"start":{"line":44,"column":16},"end":{"line":44,"column":17}},"loc":{"start":{"line":44,"column":36},"end":{"line":65,"column":1}},"line":44},"2":{"name":"(anonymous_2)","decl":{"start":{"line":68,"column":27},"end":{"line":68,"column":28}},"loc":{"start":{"line":68,"column":47},"end":{"line":88,"column":1}},"line":68},"3":{"name":"(anonymous_3)","decl":{"start":{"line":90,"column":22},"end":{"line":90,"column":23}},"loc":{"start":{"line":90,"column":42},"end":{"line":110,"column":1}},"line":90}},"branchMap":{"0":{"loc":{"start":{"line":15,"column":4},"end":{"line":19,"column":5}},"type":"if","locations":[{"start":{"line":15,"column":4},"end":{"line":19,"column":5}},{"start":{},"end":{}}],"line":15}},"s":{"0":12,"1":12,"2":12,"3":12,"4":12,"5":2,"6":2,"7":2,"8":2,"9":2,"10":0,"11":0,"12":0,"13":0,"14":0,"15":12,"16":1,"17":1,"18":1,"19":0,"20":0,"21":0,"22":0,"23":0,"24":12,"25":3,"26":3,"27":3,"28":0,"29":0,"30":0,"31":12,"32":2,"33":2,"34":2,"35":0,"36":0,"37":0,"38":12},"f":{"0":2,"1":1,"2":3,"3":2},"b":{"0":[2,0]},"_coverageSchema":"1a1c01bbd47fc00a2c39e90264f33305004495a9","hash":"e4ab499a7197df8082c44fcae0b54c9f0bea5c89"}
,"C:\\Users\\fayaz\\OneDrive\\Desktop\\engitrix\\Gym-Web\\server\\routes\\authRoutes.js": {"path":"C:\\Users\\fayaz\\OneDrive\\Desktop\\engitrix\\Gym-Web\\server\\routes\\authRoutes.js","statementMap":{"0":{"start":{"line":1,"column":16},"end":{"line":1,"column":34}},"1":{"start":{"line":2,"column":15},"end":{"line":2,"column":34}},"2":{"start":{"line":3,"column":12},"end":{"line":3,"column":35}},"3":{"start":{"line":5,"column":13},"end":{"line":5,"column":38}},"4":{"start":{"line":7,"column":15},"end":{"line":7,"column":31}},"5":{"start":{"line":12,"column":0},"end":{"line":91,"column":3}},"6":{"start":{"line":14,"column":2},"end":{"line":89,"column":3}},"7":{"start":{"line":21,"column":8},"end":{"line":21,"column":16}},"8":{"start":{"line":25,"column":24},"end":{"line":27,"column":13}},"9":{"start":{"line":29,"column":4},"end":{"line":35,"column":5}},"10":{"start":{"line":31,"column":6},"end":{"line":33,"column":9}},"11":{"start":{"line":39,"column":25},"end":{"line":41,"column":13}},"12":{"start":{"line":43,"column":4},"end":{"line":49,"column":5}},"13":{"start":{"line":45,"column":6},"end":{"line":47,"column":9}},"14":{"start":{"line":53,"column":27},"end":{"line":56,"column":5}},"15":{"start":{"line":60,"column":17},"end":{"line":67,"column":6}},"16":{"start":{"line":69,"column":4},"end":{"line":81,"column":7}},"17":{"start":{"line":85,"column":4},"end":{"line":87,"column":7}},"18":{"start":{"line":96,"column":0},"end":{"line":187,"column":3}},"19":{"start":{"line":98,"column":2},"end":{"line":185,"column":3}},"20":{"start":{"line":103,"column":8},"end":{"line":103,"column":16}},"21":{"start":{"line":105,"column":4},"end":{"line":111,"column":1}},"22":{"start":{"line":107,"column":2},"end":{"line":109,"column":5}},"23":{"start":{"line":115,"column":17},"end":{"line":122,"column":13}},"24":{"start":{"line":124,"column":4},"end":{"line":130,"column":5}},"25":{"start":{"line":126,"column":6},"end":{"line":128,"column":9}},"26":{"start":{"line":134,"column":20},"end":{"line":137,"column":5}},"27":{"start":{"line":139,"column":4},"end":{"line":145,"column":5}},"28":{"start":{"line":141,"column":6},"end":{"line":143,"column":9}},"29":{"start":{"line":149,"column":18},"end":{"line":161,"column":5}},"30":{"start":{"line":163,"column":4},"end":{"line":177,"column":7}},"31":{"start":{"line":181,"column":4},"end":{"line":183,"column":7}},"32":{"start":{"line":189,"column":0},"end":{"line":189,"column":24}}},"fnMap":{"0":{"name":"(anonymous_0)","decl":{"start":{"line":12,"column":25},"end":{"line":12,"column":26}},"loc":{"start":{"line":12,"column":45},"end":{"line":91,"column":1}},"line":12},"1":{"name":"(anonymous_1)","decl":{"start":{"line":96,"column":22},"end":{"line":96,"column":23}},"loc":{"start":{"line":96,"column":42},"end":{"line":187,"column":1}},"line":96}},"branchMap":{"0":{"loc":{"start":{"line":29,"column":4},"end":{"line":35,"column":5}},"type":"if","locations":[{"start":{"line":29,"column":4},"end":{"line":35,"column":5}},{"start":{},"end":{}}],"line":29},"1":{"loc":{"start":{"line":43,"column":4},"end":{"line":49,"column":5}},"type":"if","locations":[{"start":{"line":43,"column":4},"end":{"line":49,"column":5}},{"start":{},"end":{}}],"line":43},"2":{"loc":{"start":{"line":105,"column":4},"end":{"line":111,"column":1}},"type":"if","locations":[{"start":{"line":105,"column":4},"end":{"line":111,"column":1}},{"start":{},"end":{}}],"line":105},"3":{"loc":{"start":{"line":105,"column":8},"end":{"line":105,"column":35}},"type":"binary-expr","locations":[{"start":{"line":105,"column":8},"end":{"line":105,"column":22}},{"start":{"line":105,"column":26},"end":{"line":105,"column":35}}],"line":105},"4":{"loc":{"start":{"line":124,"column":4},"end":{"line":130,"column":5}},"type":"if","locations":[{"start":{"line":124,"column":4},"end":{"line":130,"column":5}},{"start":{},"end":{}}],"line":124},"5":{"loc":{"start":{"line":139,"column":4},"end":{"line":145,"column":5}},"type":"if","locations":[{"start":{"line":139,"column":4},"end":{"line":145,"column":5}},{"start":{},"end":{}}],"line":139}},"s":{"0":12,"1":12,"2":12,"3":12,"4":12,"5":12,"6":5,"7":5,"8":5,"9":5,"10":3,"11":2,"12":2,"13":1,"14":1,"15":1,"16":1,"17":0,"18":12,"19":4,"20":4,"21":4,"22":2,"23":2,"24":2,"25":2,"26":0,"27":0,"28":0,"29":0,"30":0,"31":0,"32":12},"f":{"0":5,"1":4},"b":{"0":[3,2],"1":[1,1],"2":[2,2],"3":[4,2],"4":[2,0],"5":[0,0]},"_coverageSchema":"1a1c01bbd47fc00a2c39e90264f33305004495a9","hash":"bd1b433bc43bb4f0a4fd5705b5d1a4c3978e86a3"}
,"C:\\Users\\fayaz\\OneDrive\\Desktop\\engitrix\\Gym-Web\\server\\routes\\contactRoutes.js": {"path":"C:\\Users\\fayaz\\OneDrive\\Desktop\\engitrix\\Gym-Web\\server\\routes\\contactRoutes.js","statementMap":{"0":{"start":{"line":1,"column":16},"end":{"line":1,"column":34}},"1":{"start":{"line":4,"column":0},"end":{"line":4,"column":28}},"2":{"start":{"line":6,"column":15},"end":{"line":6,"column":31}},"3":{"start":{"line":10,"column":0},"end":{"line":36,"column":3}},"4":{"start":{"line":12,"column":2},"end":{"line":34,"column":3}},"5":{"start":{"line":15,"column":6},"end":{"line":17,"column":7}},"6":{"start":{"line":19,"column":4},"end":{"line":26,"column":7}},"7":{"start":{"line":30,"column":4},"end":{"line":32,"column":7}},"8":{"start":{"line":40,"column":0},"end":{"line":61,"column":3}},"9":{"start":{"line":42,"column":2},"end":{"line":59,"column":3}},"10":{"start":{"line":45,"column":6},"end":{"line":47,"column":13}},"11":{"start":{"line":49,"column":4},"end":{"line":51,"column":6}},"12":{"start":{"line":55,"column":4},"end":{"line":57,"column":7}},"13":{"start":{"line":65,"column":0},"end":{"line":88,"column":3}},"14":{"start":{"line":67,"column":2},"end":{"line":86,"column":3}},"15":{"start":{"line":69,"column":4},"end":{"line":71,"column":13}},"16":{"start":{"line":73,"column":4},"end":{"line":78,"column":7}},"17":{"start":{"line":82,"column":4},"end":{"line":84,"column":7}},"18":{"start":{"line":90,"column":0},"end":{"line":90,"column":24}}},"fnMap":{"0":{"name":"(anonymous_0)","decl":{"start":{"line":10,"column":17},"end":{"line":10,"column":18}},"loc":{"start":{"line":10,"column":37},"end":{"line":36,"column":1}},"line":10},"1":{"name":"(anonymous_1)","decl":{"start":{"line":40,"column":16},"end":{"line":40,"column":17}},"loc":{"start":{"line":40,"column":36},"end":{"line":61,"column":1}},"line":40},"2":{"name":"(anonymous_2)","decl":{"start":{"line":65,"column":22},"end":{"line":65,"column":23}},"loc":{"start":{"line":65,"column":42},"end":{"line":88,"column":1}},"line":65}},"branchMap":{},"s":{"0":12,"1":12,"2":12,"3":12,"4":1,"5":1,"6":1,"7":0,"8":12,"9":1,"10":1,"11":1,"12":0,"13":12,"14":1,"15":1,"16":1,"17":0,"18":12},"f":{"0":1,"1":1,"2":1},"b":{},"_coverageSchema":"1a1c01bbd47fc00a2c39e90264f33305004495a9","hash":"07f43a31a9bd343e2017eff1ab19929be756e20f"}
,"C:\\Users\\fayaz\\OneDrive\\Desktop\\engitrix\\Gym-Web\\server\\routes\\dietRoutes.js": {"path":"C:\\Users\\fayaz\\OneDrive\\Desktop\\engitrix\\Gym-Web\\server\\routes\\dietRoutes.js","statementMap":{"0":{"start":{"line":1,"column":16},"end":{"line":1,"column":34}},"1":{"start":{"line":4,"column":0},"end":{"line":4,"column":25}},"2":{"start":{"line":6,"column":15},"end":{"line":6,"column":31}},"3":{"start":{"line":10,"column":0},"end":{"line":36,"column":3}},"4":{"start":{"line":12,"column":2},"end":{"line":34,"column":3}},"5":{"start":{"line":15,"column":6},"end":{"line":17,"column":7}},"6":{"start":{"line":19,"column":4},"end":{"line":26,"column":7}},"7":{"start":{"line":30,"column":4},"end":{"line":32,"column":7}},"8":{"start":{"line":40,"column":0},"end":{"line":61,"column":3}},"9":{"start":{"line":42,"column":2},"end":{"line":59,"column":3}},"10":{"start":{"line":45,"column":6},"end":{"line":47,"column":13}},"11":{"start":{"line":49,"column":4},"end":{"line":51,"column":6}},"12":{"start":{"line":55,"column":4},"end":{"line":57,"column":7}},"13":{"start":{"line":65,"column":0},"end":{"line":86,"column":3}},"14":{"start":{"line":67,"column":2},"end":{"line":84,"column":3}},"15":{"start":{"line":69,"column":4},"end":{"line":71,"column":13}},"16":{"start":{"line":73,"column":4},"end":{"line":76,"column":7}},"17":{"start":{"line":80,"column":4},"end":{"line":82,"column":7}},"18":{"start":{"line":88,"column":0},"end":{"line":88,"column":24}}},"fnMap":{"0":{"name":"(anonymous_0)","decl":{"start":{"line":10,"column":17},"end":{"line":10,"column":18}},"loc":{"start":{"line":10,"column":37},"end":{"line":36,"column":1}},"line":10},"1":{"name":"(anonymous_1)","decl":{"start":{"line":40,"column":16},"end":{"line":40,"column":17}},"loc":{"start":{"line":40,"column":36},"end":{"line":61,"column":1}},"line":40},"2":{"name":"(anonymous_2)","decl":{"start":{"line":65,"column":22},"end":{"line":65,"column":23}},"loc":{"start":{"line":65,"column":42},"end":{"line":86,"column":1}},"line":65}},"branchMap":{},"s":{"0":12,"1":12,"2":12,"3":12,"4":1,"5":1,"6":1,"7":0,"8":12,"9":1,"10":1,"11":1,"12":0,"13":12,"14":1,"15":1,"16":0,"17":1,"18":12},"f":{"0":1,"1":1,"2":1},"b":{},"_coverageSchema":"1a1c01bbd47fc00a2c39e90264f33305004495a9","hash":"097d82806221c7953171018de82caec63745d131"}
,"C:\\Users\\fayaz\\OneDrive\\Desktop\\engitrix\\Gym-Web\\server\\routes\\galleryRoutes.js": {"path":"C:\\Users\\fayaz\\OneDrive\\Desktop\\engitrix\\Gym-Web\\server\\routes\\galleryRoutes.js","statementMap":{"0":{"start":{"line":1,"column":16},"end":{"line":1,"column":34}},"1":{"start":{"line":4,"column":0},"end":{"line":4,"column":28}},"2":{"start":{"line":6,"column":15},"end":{"line":6,"column":31}},"3":{"start":{"line":10,"column":0},"end":{"line":36,"column":3}},"4":{"start":{"line":12,"column":2},"end":{"line":34,"column":3}},"5":{"start":{"line":15,"column":6},"end":{"line":17,"column":7}},"6":{"start":{"line":19,"column":4},"end":{"line":26,"column":7}},"7":{"start":{"line":30,"column":4},"end":{"line":32,"column":7}},"8":{"start":{"line":40,"column":0},"end":{"line":61,"column":3}},"9":{"start":{"line":42,"column":2},"end":{"line":59,"column":3}},"10":{"start":{"line":45,"column":6},"end":{"line":47,"column":13}},"11":{"start":{"line":49,"column":4},"end":{"line":51,"column":6}},"12":{"start":{"line":55,"column":4},"end":{"line":57,"column":7}},"13":{"start":{"line":65,"column":0},"end":{"line":85,"column":3}},"14":{"start":{"line":67,"column":2},"end":{"line":83,"column":3}},"15":{"start":{"line":69,"column":4},"end":{"line":71,"column":13}},"16":{"start":{"line":73,"column":4},"end":{"line":75,"column":7}},"17":{"start":{"line":79,"column":4},"end":{"line":81,"column":7}},"18":{"start":{"line":87,"column":0},"end":{"line":87,"column":24}}},"fnMap":{"0":{"name":"(anonymous_0)","decl":{"start":{"line":10,"column":17},"end":{"line":10,"column":18}},"loc":{"start":{"line":10,"column":37},"end":{"line":36,"column":1}},"line":10},"1":{"name":"(anonymous_1)","decl":{"start":{"line":40,"column":16},"end":{"line":40,"column":17}},"loc":{"start":{"line":40,"column":36},"end":{"line":61,"column":1}},"line":40},"2":{"name":"(anonymous_2)","decl":{"start":{"line":65,"column":22},"end":{"line":65,"column":23}},"loc":{"start":{"line":65,"column":42},"end":{"line":85,"column":1}},"line":65}},"branchMap":{},"s":{"0":12,"1":12,"2":12,"3":12,"4":1,"5":1,"6":1,"7":0,"8":12,"9":1,"10":1,"11":1,"12":0,"13":12,"14":1,"15":1,"16":0,"17":1,"18":12},"f":{"0":1,"1":1,"2":1},"b":{},"_coverageSchema":"1a1c01bbd47fc00a2c39e90264f33305004495a9","hash":"2671d3bcd020309c4fc0348bf29331d626e981b5"}
,"C:\\Users\\fayaz\\OneDrive\\Desktop\\engitrix\\Gym-Web\\server\\routes\\membershipPlanRoutes.js": {"path":"C:\\Users\\fayaz\\OneDrive\\Desktop\\engitrix\\Gym-Web\\server\\routes\\membershipPlanRoutes.js","statementMap":{"0":{"start":{"line":1,"column":16},"end":{"line":1,"column":34}},"1":{"start":{"line":4,"column":0},"end":{"line":4,"column":35}},"2":{"start":{"line":7,"column":2},"end":{"line":7,"column":18}},"3":{"start":{"line":12,"column":0},"end":{"line":31,"column":3}},"4":{"start":{"line":14,"column":2},"end":{"line":29,"column":3}},"5":{"start":{"line":17,"column":6},"end":{"line":19,"column":7}},"6":{"start":{"line":21,"column":4},"end":{"line":21,"column":31}},"7":{"start":{"line":25,"column":4},"end":{"line":27,"column":7}},"8":{"start":{"line":36,"column":0},"end":{"line":55,"column":3}},"9":{"start":{"line":38,"column":2},"end":{"line":53,"column":3}},"10":{"start":{"line":41,"column":6},"end":{"line":43,"column":13}},"11":{"start":{"line":45,"column":4},"end":{"line":45,"column":32}},"12":{"start":{"line":49,"column":4},"end":{"line":51,"column":7}},"13":{"start":{"line":60,"column":0},"end":{"line":87,"column":3}},"14":{"start":{"line":62,"column":2},"end":{"line":85,"column":3}},"15":{"start":{"line":65,"column":6},"end":{"line":75,"column":14}},"16":{"start":{"line":77,"column":4},"end":{"line":77,"column":31}},"17":{"start":{"line":81,"column":4},"end":{"line":83,"column":7}},"18":{"start":{"line":92,"column":0},"end":{"line":115,"column":3}},"19":{"start":{"line":94,"column":2},"end":{"line":113,"column":3}},"20":{"start":{"line":96,"column":4},"end":{"line":98,"column":13}},"21":{"start":{"line":100,"column":4},"end":{"line":105,"column":7}},"22":{"start":{"line":109,"column":4},"end":{"line":111,"column":7}},"23":{"start":{"line":117,"column":0},"end":{"line":117,"column":24}}},"fnMap":{"0":{"name":"(anonymous_0)","decl":{"start":{"line":12,"column":17},"end":{"line":12,"column":18}},"loc":{"start":{"line":12,"column":37},"end":{"line":31,"column":1}},"line":12},"1":{"name":"(anonymous_1)","decl":{"start":{"line":36,"column":16},"end":{"line":36,"column":17}},"loc":{"start":{"line":36,"column":36},"end":{"line":55,"column":1}},"line":36},"2":{"name":"(anonymous_2)","decl":{"start":{"line":60,"column":19},"end":{"line":60,"column":20}},"loc":{"start":{"line":60,"column":39},"end":{"line":87,"column":1}},"line":60},"3":{"name":"(anonymous_3)","decl":{"start":{"line":92,"column":22},"end":{"line":92,"column":23}},"loc":{"start":{"line":92,"column":42},"end":{"line":115,"column":1}},"line":92}},"branchMap":{},"s":{"0":12,"1":12,"2":12,"3":12,"4":1,"5":1,"6":1,"7":0,"8":12,"9":1,"10":1,"11":1,"12":0,"13":12,"14":1,"15":1,"16":0,"17":1,"18":12,"19":1,"20":1,"21":0,"22":1,"23":12},"f":{"0":1,"1":1,"2":1,"3":1},"b":{},"_coverageSchema":"1a1c01bbd47fc00a2c39e90264f33305004495a9","hash":"316c6876fdc1d25bfda3a74c1c29b79ba969e504"}
,"C:\\Users\\fayaz\\OneDrive\\Desktop\\engitrix\\Gym-Web\\server\\routes\\membershipRoutes.js": {"path":"C:\\Users\\fayaz\\OneDrive\\Desktop\\engitrix\\Gym-Web\\server\\routes\\membershipRoutes.js","statementMap":{"0":{"start":{"line":1,"column":16},"end":{"line":1,"column":34}},"1":{"start":{"line":4,"column":0},"end":{"line":4,"column":31}},"2":{"start":{"line":6,"column":15},"end":{"line":6,"column":31}},"3":{"start":{"line":11,"column":0},"end":{"line":105,"column":3}},"4":{"start":{"line":13,"column":2},"end":{"line":103,"column":3}},"5":{"start":{"line":21,"column":8},"end":{"line":21,"column":16}},"6":{"start":{"line":26,"column":6},"end":{"line":26,"column":16}},"7":{"start":{"line":31,"column":6},"end":{"line":31,"column":16}},"8":{"start":{"line":35,"column":4},"end":{"line":53,"column":5}},"9":{"start":{"line":37,"column":6},"end":{"line":39,"column":8}},"10":{"start":{"line":41,"column":11},"end":{"line":53,"column":5}},"11":{"start":{"line":43,"column":6},"end":{"line":45,"column":8}},"12":{"start":{"line":47,"column":11},"end":{"line":53,"column":5}},"13":{"start":{"line":49,"column":6},"end":{"line":51,"column":8}},"14":{"start":{"line":58,"column":6},"end":{"line":86,"column":8}},"15":{"start":{"line":88,"column":4},"end":{"line":95,"column":7}},"16":{"start":{"line":99,"column":4},"end":{"line":101,"column":7}},"17":{"start":{"line":110,"column":0},"end":{"line":152,"column":3}},"18":{"start":{"line":112,"column":2},"end":{"line":150,"column":3}},"19":{"start":{"line":115,"column":6},"end":{"line":116,"column":13}},"20":{"start":{"line":121,"column":6},"end":{"line":138,"column":8}},"21":{"start":{"line":123,"column":8},"end":{"line":134,"column":9}},"22":{"start":{"line":128,"column":10},"end":{"line":128,"column":31}},"23":{"start":{"line":132,"column":10},"end":{"line":132,"column":30}},"24":{"start":{"line":136,"column":8},"end":{"line":136,"column":17}},"25":{"start":{"line":140,"column":4},"end":{"line":142,"column":6}},"26":{"start":{"line":146,"column":4},"end":{"line":148,"column":7}},"27":{"start":{"line":157,"column":0},"end":{"line":196,"column":2}},"28":{"start":{"line":162,"column":4},"end":{"line":193,"column":5}},"29":{"start":{"line":165,"column":8},"end":{"line":170,"column":17}},"30":{"start":{"line":172,"column":6},"end":{"line":181,"column":7}},"31":{"start":{"line":174,"column":8},"end":{"line":179,"column":11}},"32":{"start":{"line":183,"column":6},"end":{"line":185,"column":8}},"33":{"start":{"line":189,"column":6},"end":{"line":191,"column":9}},"34":{"start":{"line":201,"column":0},"end":{"line":258,"column":2}},"35":{"start":{"line":206,"column":4},"end":{"line":255,"column":5}},"36":{"start":{"line":211,"column":10},"end":{"line":211,"column":18}},"37":{"start":{"line":214,"column":8},"end":{"line":238,"column":16}},"38":{"start":{"line":240,"column":6},"end":{"line":247,"column":9}},"39":{"start":{"line":251,"column":6},"end":{"line":253,"column":9}},"40":{"start":{"line":263,"column":0},"end":{"line":339,"column":3}},"41":{"start":{"line":265,"column":2},"end":{"line":337,"column":3}},"42":{"start":{"line":268,"column":6},"end":{"line":270,"column":14}},"43":{"start":{"line":272,"column":4},"end":{"line":279,"column":5}},"44":{"start":{"line":274,"column":6},"end":{"line":277,"column":9}},"45":{"start":{"line":284,"column":6},"end":{"line":286,"column":7}},"46":{"start":{"line":288,"column":4},"end":{"line":312,"column":5}},"47":{"start":{"line":292,"column":6},"end":{"line":294,"column":8}},"48":{"start":{"line":296,"column":11},"end":{"line":312,"column":5}},"49":{"start":{"line":300,"column":6},"end":{"line":302,"column":8}},"50":{"start":{"line":304,"column":11},"end":{"line":312,"column":5}},"51":{"start":{"line":308,"column":6},"end":{"line":310,"column":8}},"52":{"start":{"line":314,"column":4},"end":{"line":315,"column":20}},"53":{"start":{"line":317,"column":4},"end":{"line":318,"column":15}},"54":{"start":{"line":320,"column":4},"end":{"line":320,"column":28}},"55":{"start":{"line":322,"column":4},"end":{"line":329,"column":7}},"56":{"start":{"line":333,"column":4},"end":{"line":335,"column":7}},"57":{"start":{"line":344,"column":0},"end":{"line":367,"column":3}},"58":{"start":{"line":346,"column":2},"end":{"line":365,"column":3}},"59":{"start":{"line":348,"column":4},"end":{"line":350,"column":13}},"60":{"start":{"line":352,"column":4},"end":{"line":357,"column":7}},"61":{"start":{"line":361,"column":4},"end":{"line":363,"column":7}},"62":{"start":{"line":369,"column":0},"end":{"line":369,"column":24}}},"fnMap":{"0":{"name":"(anonymous_0)","decl":{"start":{"line":11,"column":17},"end":{"line":11,"column":18}},"loc":{"start":{"line":11,"column":37},"end":{"line":105,"column":1}},"line":11},"1":{"name":"(anonymous_1)","decl":{"start":{"line":110,"column":16},"end":{"line":110,"column":17}},"loc":{"start":{"line":110,"column":36},"end":{"line":152,"column":1}},"line":110},"2":{"name":"(anonymous_2)","decl":{"start":{"line":121,"column":22},"end":{"line":121,"column":23}},"loc":{"start":{"line":121,"column":29},"end":{"line":138,"column":7}},"line":121},"3":{"name":"(anonymous_3)","decl":{"start":{"line":160,"column":2},"end":{"line":160,"column":3}},"loc":{"start":{"line":160,"column":22},"end":{"line":195,"column":3}},"line":160},"4":{"name":"(anonymous_4)","decl":{"start":{"line":204,"column":2},"end":{"line":204,"column":3}},"loc":{"start":{"line":204,"column":22},"end":{"line":257,"column":3}},"line":204},"5":{"name":"(anonymous_5)","decl":{"start":{"line":263,"column":25},"end":{"line":263,"column":26}},"loc":{"start":{"line":263,"column":45},"end":{"line":339,"column":1}},"line":263},"6":{"name":"(anonymous_6)","decl":{"start":{"line":344,"column":22},"end":{"line":344,"column":23}},"loc":{"start":{"line":344,"column":42},"end":{"line":367,"column":1}},"line":344}},"branchMap":{"0":{"loc":{"start":{"line":35,"column":4},"end":{"line":53,"column":5}},"type":"if","locations":[{"start":{"line":35,"column":4},"end":{"line":53,"column":5}},{"start":{"line":41,"column":11},"end":{"line":53,"column":5}}],"line":35},"1":{"loc":{"start":{"line":41,"column":11},"end":{"line":53,"column":5}},"type":"if","locations":[{"start":{"line":41,"column":11},"end":{"line":53,"column":5}},{"start":{"line":47,"column":11},"end":{"line":53,"column":5}}],"line":41},"2":{"loc":{"start":{"line":47,"column":11},"end":{"line":53,"column":5}},"type":"if","locations":[{"start":{"line":47,"column":11},"end":{"line":53,"column":5}},{"start":{},"end":{}}],"line":47},"3":{"loc":{"start":{"line":123,"column":8},"end":{"line":134,"column":9}},"type":"if","locations":[{"start":{"line":123,"column":8},"end":{"line":134,"column":9}},{"start":{"line":130,"column":15},"end":{"line":134,"column":9}}],"line":123},"4":{"loc":{"start":{"line":172,"column":6},"end":{"line":181,"column":7}},"type":"if","locations":[{"start":{"line":172,"column":6},"end":{"line":181,"column":7}},{"start":{},"end":{}}],"line":172},"5":{"loc":{"start":{"line":272,"column":4},"end":{"line":279,"column":5}},"type":"if","locations":[{"start":{"line":272,"column":4},"end":{"line":279,"column":5}},{"start":{},"end":{}}],"line":272},"6":{"loc":{"start":{"line":288,"column":4},"end":{"line":312,"column":5}},"type":"if","locations":[{"start":{"line":288,"column":4},"end":{"line":312,"column":5}},{"start":{"line":296,"column":11},"end":{"line":312,"column":5}}],"line":288},"7":{"loc":{"start":{"line":296,"column":11},"end":{"line":312,"column":5}},"type":"if","locations":[{"start":{"line":296,"column":11},"end":{"line":312,"column":5}},{"start":{"line":304,"column":11},"end":{"line":312,"column":5}}],"line":296},"8":{"loc":{"start":{"line":304,"column":11},"end":{"line":312,"column":5}},"type":"if","locations":[{"start":{"line":304,"column":11},"end":{"line":312,"column":5}},{"start":{},"end":{}}],"line":304}},"s":{"0":12,"1":12,"2":12,"3":12,"4":3,"5":3,"6":3,"7":3,"8":3,"9":1,"10":2,"11":1,"12":1,"13":1,"14":3,"15":3,"16":0,"17":12,"18":2,"19":2,"20":1,"21":12,"22":0,"23":12,"24":12,"25":1,"26":1,"27":12,"28":4,"29":4,"30":3,"31":2,"32":1,"33":1,"34":12,"35":3,"36":3,"37":3,"38":3,"39":0,"40":12,"41":3,"42":3,"43":3,"44":2,"45":1,"46":1,"47":1,"48":0,"49":0,"50":0,"51":0,"52":1,"53":1,"54":1,"55":1,"56":0,"57":12,"58":4,"59":4,"60":3,"61":1,"62":12},"f":{"0":3,"1":2,"2":12,"3":4,"4":3,"5":3,"6":4},"b":{"0":[1,2],"1":[1,1],"2":[1,0],"3":[0,12],"4":[2,1],"5":[2,1],"6":[1,0],"7":[0,0],"8":[0,0]},"_coverageSchema":"1a1c01bbd47fc00a2c39e90264f33305004495a9","hash":"90e8844cf3638ba6a23c72ef4f6a129aa490bc53"}
,"C:\\Users\\fayaz\\OneDrive\\Desktop\\engitrix\\Gym-Web\\server\\routes\\testimonialRoutes.js": {"path":"C:\\Users\\fayaz\\OneDrive\\Desktop\\engitrix\\Gym-Web\\server\\routes\\testimonialRoutes.js","statementMap":{"0":{"start":{"line":1,"column":16},"end":{"line":1,"column":34}},"1":{"start":{"line":4,"column":0},"end":{"line":4,"column":32}},"2":{"start":{"line":7,"column":2},"end":{"line":7,"column":18}},"3":{"start":{"line":12,"column":0},"end":{"line":31,"column":3}},"4":{"start":{"line":14,"column":2},"end":{"line":29,"column":3}},"5":{"start":{"line":17,"column":6},"end":{"line":19,"column":7}},"6":{"start":{"line":21,"column":4},"end":{"line":21,"column":38}},"7":{"start":{"line":25,"column":4},"end":{"line":27,"column":7}},"8":{"start":{"line":36,"column":0},"end":{"line":56,"column":3}},"9":{"start":{"line":38,"column":2},"end":{"line":54,"column":3}},"10":{"start":{"line":41,"column":6},"end":{"line":42,"column":37}},"11":{"start":{"line":44,"column":4},"end":{"line":46,"column":6}},"12":{"start":{"line":50,"column":4},"end":{"line":52,"column":7}},"13":{"start":{"line":61,"column":0},"end":{"line":90,"column":3}},"14":{"start":{"line":63,"column":2},"end":{"line":88,"column":3}},"15":{"start":{"line":66,"column":6},"end":{"line":76,"column":14}},"16":{"start":{"line":78,"column":4},"end":{"line":80,"column":6}},"17":{"start":{"line":84,"column":4},"end":{"line":86,"column":7}},"18":{"start":{"line":95,"column":0},"end":{"line":118,"column":3}},"19":{"start":{"line":97,"column":2},"end":{"line":116,"column":3}},"20":{"start":{"line":99,"column":4},"end":{"line":101,"column":13}},"21":{"start":{"line":103,"column":4},"end":{"line":108,"column":7}},"22":{"start":{"line":112,"column":4},"end":{"line":114,"column":7}},"23":{"start":{"line":120,"column":0},"end":{"line":120,"column":24}}},"fnMap":{"0":{"name":"(anonymous_0)","decl":{"start":{"line":12,"column":17},"end":{"line":12,"column":18}},"loc":{"start":{"line":12,"column":37},"end":{"line":31,"column":1}},"line":12},"1":{"name":"(anonymous_1)","decl":{"start":{"line":36,"column":16},"end":{"line":36,"column":17}},"loc":{"start":{"line":36,"column":36},"end":{"line":56,"column":1}},"line":36},"2":{"name":"(anonymous_2)","decl":{"start":{"line":61,"column":19},"end":{"line":61,"column":20}},"loc":{"start":{"line":61,"column":39},"end":{"line":90,"column":1}},"line":61},"3":{"name":"(anonymous_3)","decl":{"start":{"line":95,"column":22},"end":{"line":95,"column":23}},"loc":{"start":{"line":95,"column":42},"end":{"line":118,"column":1}},"line":95}},"branchMap":{},"s":{"0":12,"1":12,"2":12,"3":12,"4":1,"5":1,"6":1,"7":0,"8":12,"9":1,"10":1,"11":1,"12":0,"13":12,"14":1,"15":1,"16":0,"17":1,"18":12,"19":1,"20":1,"21":0,"22":1,"23":12},"f":{"0":1,"1":1,"2":1,"3":1},"b":{},"_coverageSchema":"1a1c01bbd47fc00a2c39e90264f33305004495a9","hash":"fd25e3328278954d4c93af45f05b84d9469d81ed"}
,"C:\\Users\\fayaz\\OneDrive\\Desktop\\engitrix\\Gym-Web\\server\\routes\\trainerRoutes.js": {"path":"C:\\Users\\fayaz\\OneDrive\\Desktop\\engitrix\\Gym-Web\\server\\routes\\trainerRoutes.js","statementMap":{"0":{"start":{"line":1,"column":16},"end":{"line":1,"column":34}},"1":{"start":{"line":4,"column":0},"end":{"line":4,"column":35}},"2":{"start":{"line":6,"column":15},"end":{"line":6,"column":31}},"3":{"start":{"line":10,"column":0},"end":{"line":36,"column":3}},"4":{"start":{"line":12,"column":2},"end":{"line":34,"column":3}},"5":{"start":{"line":15,"column":6},"end":{"line":17,"column":7}},"6":{"start":{"line":19,"column":4},"end":{"line":26,"column":7}},"7":{"start":{"line":30,"column":4},"end":{"line":32,"column":7}},"8":{"start":{"line":40,"column":0},"end":{"line":57,"column":3}},"9":{"start":{"line":42,"column":2},"end":{"line":55,"column":3}},"10":{"start":{"line":45,"column":6},"end":{"line":45,"column":40}},"11":{"start":{"line":47,"column":4},"end":{"line":47,"column":35}},"12":{"start":{"line":51,"column":4},"end":{"line":53,"column":7}},"13":{"start":{"line":61,"column":0},"end":{"line":81,"column":3}},"14":{"start":{"line":63,"column":2},"end":{"line":79,"column":3}},"15":{"start":{"line":65,"column":4},"end":{"line":67,"column":13}},"16":{"start":{"line":69,"column":4},"end":{"line":71,"column":7}},"17":{"start":{"line":75,"column":4},"end":{"line":77,"column":7}},"18":{"start":{"line":83,"column":0},"end":{"line":83,"column":24}}},"fnMap":{"0":{"name":"(anonymous_0)","decl":{"start":{"line":10,"column":17},"end":{"line":10,"column":18}},"loc":{"start":{"line":10,"column":37},"end":{"line":36,"column":1}},"line":10},"1":{"name":"(anonymous_1)","decl":{"start":{"line":40,"column":16},"end":{"line":40,"column":17}},"loc":{"start":{"line":40,"column":36},"end":{"line":57,"column":1}},"line":40},"2":{"name":"(anonymous_2)","decl":{"start":{"line":61,"column":22},"end":{"line":61,"column":23}},"loc":{"start":{"line":61,"column":42},"end":{"line":81,"column":1}},"line":61}},"branchMap":{},"s":{"0":12,"1":12,"2":12,"3":12,"4":1,"5":1,"6":1,"7":0,"8":12,"9":1,"10":1,"11":1,"12":0,"13":12,"14":1,"15":1,"16":0,"17":1,"18":12},"f":{"0":1,"1":1,"2":1},"b":{},"_coverageSchema":"1a1c01bbd47fc00a2c39e90264f33305004495a9","hash":"61aff23cbbee911c815d24427b258e7883786786"}
,"C:\\Users\\fayaz\\OneDrive\\Desktop\\engitrix\\Gym-Web\\server\\routes\\workoutRoutes.js": {"path":"C:\\Users\\fayaz\\OneDrive\\Desktop\\engitrix\\Gym-Web\\server\\routes\\workoutRoutes.js","statementMap":{"0":{"start":{"line":1,"column":16},"end":{"line":1,"column":34}},"1":{"start":{"line":4,"column":0},"end":{"line":4,"column":28}},"2":{"start":{"line":6,"column":15},"end":{"line":6,"column":31}},"3":{"start":{"line":10,"column":0},"end":{"line":36,"column":3}},"4":{"start":{"line":12,"column":2},"end":{"line":34,"column":3}},"5":{"start":{"line":15,"column":6},"end":{"line":17,"column":7}},"6":{"start":{"line":19,"column":4},"end":{"line":26,"column":7}},"7":{"start":{"line":30,"column":4},"end":{"line":32,"column":7}},"8":{"start":{"line":40,"column":0},"end":{"line":60,"column":3}},"9":{"start":{"line":42,"column":2},"end":{"line":58,"column":3}},"10":{"start":{"line":45,"column":6},"end":{"line":46,"column":37}},"11":{"start":{"line":48,"column":4},"end":{"line":50,"column":6}},"12":{"start":{"line":54,"column":4},"end":{"line":56,"column":7}},"13":{"start":{"line":64,"column":0},"end":{"line":87,"column":3}},"14":{"start":{"line":66,"column":2},"end":{"line":85,"column":3}},"15":{"start":{"line":68,"column":4},"end":{"line":70,"column":13}},"16":{"start":{"line":72,"column":4},"end":{"line":77,"column":7}},"17":{"start":{"line":81,"column":4},"end":{"line":83,"column":7}},"18":{"start":{"line":89,"column":0},"end":{"line":89,"column":24}}},"fnMap":{"0":{"name":"(anonymous_0)","decl":{"start":{"line":10,"column":17},"end":{"line":10,"column":18}},"loc":{"start":{"line":10,"column":37},"end":{"line":36,"column":1}},"line":10},"1":{"name":"(anonymous_1)","decl":{"start":{"line":40,"column":16},"end":{"line":40,"column":17}},"loc":{"start":{"line":40,"column":36},"end":{"line":60,"column":1}},"line":40},"2":{"name":"(anonymous_2)","decl":{"start":{"line":64,"column":22},"end":{"line":64,"column":23}},"loc":{"start":{"line":64,"column":42},"end":{"line":87,"column":1}},"line":64}},"branchMap":{},"s":{"0":12,"1":12,"2":12,"3":12,"4":1,"5":1,"6":1,"7":0,"8":12,"9":1,"10":1,"11":1,"12":0,"13":12,"14":1,"15":1,"16":0,"17":1,"18":12},"f":{"0":1,"1":1,"2":1},"b":{},"_coverageSchema":"1a1c01bbd47fc00a2c39e90264f33305004495a9","hash":"d617deb3ee7143f34cbe70463a239692bfbe3898"}
}
