TN:
SF:models\AboutGym.js
FNF:0
FNH:0
DA:1,12
DA:4,12
DA:41,12
LF:3
LH:3
BRF:0
BRH:0
end_of_record
TN:
SF:models\Announcement.js
FNF:0
FNH:0
DA:1,12
DA:4,12
DA:26,12
LF:3
LH:3
BRF:0
BRH:0
end_of_record
TN:
SF:models\Attendance.js
FNF:0
FNH:0
DA:1,12
DA:4,12
DA:61,12
LF:3
LH:3
BRF:0
BRH:0
end_of_record
TN:
SF:models\Contact.js
FNF:0
FNH:0
DA:1,12
DA:4,12
DA:31,12
LF:3
LH:3
BRF:0
BRH:0
end_of_record
TN:
SF:models\Diet.js
FNF:0
FNH:0
DA:1,12
DA:4,12
DA:26,12
LF:3
LH:3
BRF:0
BRH:0
end_of_record
TN:
SF:models\Gallery.js
FNF:0
FNH:0
DA:1,12
DA:4,12
DA:21,12
LF:3
LH:3
BRF:0
BRH:0
end_of_record
TN:
SF:models\Membership.js
FNF:0
FNH:0
DA:1,12
DA:4,12
DA:65,12
LF:3
LH:3
BRF:0
BRH:0
end_of_record
TN:
SF:models\MembershipPlan.js
FNF:0
FNH:0
DA:1,12
DA:4,12
DA:37,12
LF:3
LH:3
BRF:0
BRH:0
end_of_record
TN:
SF:models\Testimonial.js
FNF:0
FNH:0
DA:1,12
DA:4,12
DA:36,12
LF:3
LH:3
BRF:0
BRH:0
end_of_record
TN:
SF:models\TrainerBooking.js
FNF:0
FNH:0
DA:1,12
DA:4,12
DA:41,12
LF:3
LH:3
BRF:0
BRH:0
end_of_record
TN:
SF:models\User.js
FNF:0
FNH:0
DA:1,12
DA:3,12
DA:42,12
LF:3
LH:3
BRF:0
BRH:0
end_of_record
TN:
SF:models\Workout.js
FNF:0
FNH:0
DA:1,12
DA:4,12
DA:31,12
LF:3
LH:3
BRF:0
BRH:0
end_of_record
TN:
SF:routes\aboutGymRoutes.js
FN:12,(anonymous_0)
FN:38,(anonymous_1)
FN:61,(anonymous_2)
FN:84,(anonymous_3)
FNF:4
FNH:4
FNDA:1,(anonymous_0)
FNDA:1,(anonymous_1)
FNDA:1,(anonymous_2)
FNDA:1,(anonymous_3)
DA:1,12
DA:4,12
DA:7,12
DA:12,12
DA:14,1
DA:17,1
DA:21,1
DA:27,0
DA:38,12
DA:40,1
DA:42,1
DA:44,1
DA:50,0
DA:61,12
DA:62,1
DA:63,1
DA:73,0
DA:76,1
DA:84,12
DA:85,1
DA:86,1
DA:90,0
DA:95,1
DA:101,12
LF:24
LH:20
BRF:0
BRH:0
end_of_record
TN:
SF:routes\announcementRoutes.js
FN:10,(anonymous_0)
FN:40,(anonymous_1)
FN:58,(anonymous_2)
FNF:3
FNH:3
FNDA:1,(anonymous_0)
FNDA:1,(anonymous_1)
FNDA:1,(anonymous_2)
DA:1,12
DA:4,12
DA:6,12
DA:10,12
DA:12,1
DA:15,1
DA:19,1
DA:30,0
DA:40,12
DA:41,1
DA:42,1
DA:47,1
DA:50,0
DA:58,12
DA:59,1
DA:60,1
DA:64,0
DA:69,1
DA:75,12
LF:19
LH:16
BRF:0
BRH:0
end_of_record
TN:
SF:routes\attendanceRoutes.js
FN:9,(anonymous_0)
FN:44,(anonymous_1)
FN:68,(anonymous_2)
FN:90,(anonymous_3)
FNF:4
FNH:4
FNDA:2,(anonymous_0)
FNDA:1,(anonymous_1)
FNDA:3,(anonymous_2)
FNDA:2,(anonymous_3)
DA:1,12
DA:3,12
DA:4,12
DA:6,12
DA:9,12
DA:10,2
DA:11,2
DA:13,2
DA:15,2
DA:16,2
DA:21,0
DA:27,0
DA:34,0
DA:35,0
DA:37,0
DA:44,12
DA:45,1
DA:46,1
DA:51,1
DA:56,0
DA:57,0
DA:58,0
DA:59,0
DA:61,0
DA:68,12
DA:69,3
DA:71,3
DA:77,3
DA:81,0
DA:82,0
DA:84,0
DA:90,12
DA:91,2
DA:93,2
DA:97,2
DA:103,0
DA:104,0
DA:106,0
DA:111,12
LF:39
LH:23
BRDA:15,0,0,2
BRDA:15,0,1,0
BRF:2
BRH:1
end_of_record
TN:
SF:routes\authRoutes.js
FN:12,(anonymous_0)
FN:96,(anonymous_1)
FNF:2
FNH:2
FNDA:5,(anonymous_0)
FNDA:4,(anonymous_1)
DA:1,12
DA:2,12
DA:3,12
DA:5,12
DA:7,12
DA:12,12
DA:14,5
DA:21,5
DA:25,5
DA:29,5
DA:31,3
DA:39,2
DA:43,2
DA:45,1
DA:53,1
DA:60,1
DA:69,1
DA:85,0
DA:96,12
DA:98,4
DA:103,4
DA:105,4
DA:107,2
DA:115,2
DA:124,2
DA:126,2
DA:134,0
DA:139,0
DA:141,0
DA:149,0
DA:163,0
DA:181,0
DA:189,12
LF:33
LH:26
BRDA:29,0,0,3
BRDA:29,0,1,2
BRDA:43,1,0,1
BRDA:43,1,1,1
BRDA:105,2,0,2
BRDA:105,2,1,2
BRDA:105,3,0,4
BRDA:105,3,1,2
BRDA:124,4,0,2
BRDA:124,4,1,0
BRDA:139,5,0,0
BRDA:139,5,1,0
BRF:12
BRH:9
end_of_record
TN:
SF:routes\contactRoutes.js
FN:10,(anonymous_0)
FN:40,(anonymous_1)
FN:65,(anonymous_2)
FNF:3
FNH:3
FNDA:1,(anonymous_0)
FNDA:1,(anonymous_1)
FNDA:1,(anonymous_2)
DA:1,12
DA:4,12
DA:6,12
DA:10,12
DA:12,1
DA:15,1
DA:19,1
DA:30,0
DA:40,12
DA:42,1
DA:45,1
DA:49,1
DA:55,0
DA:65,12
DA:67,1
DA:69,1
DA:73,1
DA:82,0
DA:90,12
LF:19
LH:16
BRF:0
BRH:0
end_of_record
TN:
SF:routes\dietRoutes.js
FN:10,(anonymous_0)
FN:40,(anonymous_1)
FN:65,(anonymous_2)
FNF:3
FNH:3
FNDA:1,(anonymous_0)
FNDA:1,(anonymous_1)
FNDA:1,(anonymous_2)
DA:1,12
DA:4,12
DA:6,12
DA:10,12
DA:12,1
DA:15,1
DA:19,1
DA:30,0
DA:40,12
DA:42,1
DA:45,1
DA:49,1
DA:55,0
DA:65,12
DA:67,1
DA:69,1
DA:73,0
DA:80,1
DA:88,12
LF:19
LH:16
BRF:0
BRH:0
end_of_record
TN:
SF:routes\galleryRoutes.js
FN:10,(anonymous_0)
FN:40,(anonymous_1)
FN:65,(anonymous_2)
FNF:3
FNH:3
FNDA:1,(anonymous_0)
FNDA:1,(anonymous_1)
FNDA:1,(anonymous_2)
DA:1,12
DA:4,12
DA:6,12
DA:10,12
DA:12,1
DA:15,1
DA:19,1
DA:30,0
DA:40,12
DA:42,1
DA:45,1
DA:49,1
DA:55,0
DA:65,12
DA:67,1
DA:69,1
DA:73,0
DA:79,1
DA:87,12
LF:19
LH:16
BRF:0
BRH:0
end_of_record
TN:
SF:routes\membershipPlanRoutes.js
FN:12,(anonymous_0)
FN:36,(anonymous_1)
FN:60,(anonymous_2)
FN:92,(anonymous_3)
FNF:4
FNH:4
FNDA:1,(anonymous_0)
FNDA:1,(anonymous_1)
FNDA:1,(anonymous_2)
FNDA:1,(anonymous_3)
DA:1,12
DA:4,12
DA:7,12
DA:12,12
DA:14,1
DA:17,1
DA:21,1
DA:25,0
DA:36,12
DA:38,1
DA:41,1
DA:45,1
DA:49,0
DA:60,12
DA:62,1
DA:65,1
DA:77,0
DA:81,1
DA:92,12
DA:94,1
DA:96,1
DA:100,0
DA:109,1
DA:117,12
LF:24
LH:20
BRF:0
BRH:0
end_of_record
TN:
SF:routes\membershipRoutes.js
FN:11,(anonymous_0)
FN:110,(anonymous_1)
FN:121,(anonymous_2)
FN:160,(anonymous_3)
FN:204,(anonymous_4)
FN:263,(anonymous_5)
FN:344,(anonymous_6)
FNF:7
FNH:7
FNDA:3,(anonymous_0)
FNDA:2,(anonymous_1)
FNDA:12,(anonymous_2)
FNDA:4,(anonymous_3)
FNDA:3,(anonymous_4)
FNDA:3,(anonymous_5)
FNDA:4,(anonymous_6)
DA:1,12
DA:4,12
DA:6,12
DA:11,12
DA:13,3
DA:21,3
DA:26,3
DA:31,3
DA:35,3
DA:37,1
DA:41,2
DA:43,1
DA:47,1
DA:49,1
DA:58,3
DA:88,3
DA:99,0
DA:110,12
DA:112,2
DA:115,2
DA:121,1
DA:123,12
DA:128,0
DA:132,12
DA:136,12
DA:140,1
DA:146,1
DA:157,12
DA:162,4
DA:165,4
DA:172,3
DA:174,2
DA:183,1
DA:189,1
DA:201,12
DA:206,3
DA:211,3
DA:214,3
DA:240,3
DA:251,0
DA:263,12
DA:265,3
DA:268,3
DA:272,3
DA:274,2
DA:284,1
DA:288,1
DA:292,1
DA:296,0
DA:300,0
DA:304,0
DA:308,0
DA:314,1
DA:317,1
DA:320,1
DA:322,1
DA:333,0
DA:344,12
DA:346,4
DA:348,4
DA:352,3
DA:361,1
DA:369,12
LF:63
LH:55
BRDA:35,0,0,1
BRDA:35,0,1,2
BRDA:41,1,0,1
BRDA:41,1,1,1
BRDA:47,2,0,1
BRDA:47,2,1,0
BRDA:123,3,0,0
BRDA:123,3,1,12
BRDA:172,4,0,2
BRDA:172,4,1,1
BRDA:272,5,0,2
BRDA:272,5,1,1
BRDA:288,6,0,1
BRDA:288,6,1,0
BRDA:296,7,0,0
BRDA:296,7,1,0
BRDA:304,8,0,0
BRDA:304,8,1,0
BRF:18
BRH:11
end_of_record
TN:
SF:routes\testimonialRoutes.js
FN:12,(anonymous_0)
FN:36,(anonymous_1)
FN:61,(anonymous_2)
FN:95,(anonymous_3)
FNF:4
FNH:4
FNDA:1,(anonymous_0)
FNDA:1,(anonymous_1)
FNDA:1,(anonymous_2)
FNDA:1,(anonymous_3)
DA:1,12
DA:4,12
DA:7,12
DA:12,12
DA:14,1
DA:17,1
DA:21,1
DA:25,0
DA:36,12
DA:38,1
DA:41,1
DA:44,1
DA:50,0
DA:61,12
DA:63,1
DA:66,1
DA:78,0
DA:84,1
DA:95,12
DA:97,1
DA:99,1
DA:103,0
DA:112,1
DA:120,12
LF:24
LH:20
BRF:0
BRH:0
end_of_record
TN:
SF:routes\trainerRoutes.js
FN:10,(anonymous_0)
FN:40,(anonymous_1)
FN:61,(anonymous_2)
FNF:3
FNH:3
FNDA:1,(anonymous_0)
FNDA:1,(anonymous_1)
FNDA:1,(anonymous_2)
DA:1,12
DA:4,12
DA:6,12
DA:10,12
DA:12,1
DA:15,1
DA:19,1
DA:30,0
DA:40,12
DA:42,1
DA:45,1
DA:47,1
DA:51,0
DA:61,12
DA:63,1
DA:65,1
DA:69,0
DA:75,1
DA:83,12
LF:19
LH:16
BRF:0
BRH:0
end_of_record
TN:
SF:routes\workoutRoutes.js
FN:10,(anonymous_0)
FN:40,(anonymous_1)
FN:64,(anonymous_2)
FNF:3
FNH:3
FNDA:1,(anonymous_0)
FNDA:1,(anonymous_1)
FNDA:1,(anonymous_2)
DA:1,12
DA:4,12
DA:6,12
DA:10,12
DA:12,1
DA:15,1
DA:19,1
DA:30,0
DA:40,12
DA:42,1
DA:45,1
DA:48,1
DA:54,0
DA:64,12
DA:66,1
DA:68,1
DA:72,0
DA:81,1
DA:89,12
LF:19
LH:16
BRF:0
BRH:0
end_of_record
